2025-01-01 minor refactor [1]
2025-01-01 cleanup dependencies [2]
2025-01-01 experimental changes [3]
2025-01-01 update CI pipeline [4]
2025-01-01 fix type error [5]
2025-01-01 update constants [6]
2025-01-01 update docs with examples [7]
2025-01-01 update constants [8]
2025-01-01 add example file [9]
2025-01-01 fix build error [10]
2025-01-01 change configuration [11]
2025-01-01 fix warnings [12]
2025-01-01 add example file [13]
2025-01-01 optimize function [14]
2025-01-01 enhance logging [15]
2025-01-01 add tests [16]
2025-01-01 add helper function [17]
2025-01-01 update constants [18]
2025-01-01 update deployment script [19]
2025-01-01 fix bug [20]
2025-01-01 improve logging format [21]
2025-01-01 fix CI errors [22]
2025-01-01 reformat code [23]
2025-01-01 remove unused code [24]
2025-01-01 remove test code [25]
2025-01-01 better error handling [26]
2025-01-01 add integration tests [27]
2025-01-01 improve security [28]
2025-01-02 improve UX [1]
2025-01-02 adjust validation rules [2]
2025-01-02 cleanup code [3]
2025-01-02 update docs with examples [4]
2025-01-02 update metadata [5]
2025-01-02 add fallback [6]
2025-01-02 improve security [7]
2025-01-02 rebuild project [8]
2025-01-02 improve logging format [9]
2025-01-02 fix encoding issue [10]
2025-01-02 fix encoding issue [11]
2025-01-02 enhance error reporting [12]
2025-01-02 update docs with examples [13]
2025-01-02 optimize function [14]
2025-01-02 update gitignore [15]
2025-01-02 remove unused import [16]
2025-01-02 adjust validation rules [17]
2025-01-02 fix type error [18]
2025-01-02 fix encoding issue [19]
2025-01-02 fix config bug [20]
2025-01-02 fix timezone issue [21]
2025-01-02 add integration tests [22]
2025-01-02 hotfix applied [23]
2025-01-02 update configs [24]
2025-01-02 fix compatibility [25]
2025-01-02 small refactor [26]
2025-01-02 add integration tests [27]
2025-01-02 add logging [28]
2025-01-02 adjust timeout [29]
2025-01-02 tweak configs [30]
2025-01-02 initial commit [31]
2025-01-02 fix timezone issue [32]
2025-01-02 fix build error [33]
2025-01-02 update roadmap [34]
2025-01-02 experimental changes [35]
2025-01-02 update docs with examples [36]
2025-01-02 optimize function [37]
2025-01-02 patch memory leak [38]
2025-01-02 add example file [39]
2025-01-02 add integration tests [40]
2025-01-02 optimize function [41]
2025-01-02 add tests [42]
2025-01-02 improve logging format [43]
2025-01-02 security patch [44]
2025-01-02 fix type error [45]
2025-01-02 update configs for prod [46]
2025-01-03 UI improvements [1]
2025-01-03 update roadmap [2]
2025-01-03 add unit tests [3]
2025-01-03 clean project structure [4]
2025-01-03 update schema migration [5]
2025-01-03 update gitignore [6]
2025-01-03 update logging [7]
2025-01-03 remove legacy code [8]
2025-01-03 better error handling [9]
2025-01-03 update docs with examples [10]
2025-01-03 change configuration [11]
2025-01-03 update configs for prod [12]
2025-01-03 small refactor [13]
